INFO 2022-09-20 14:48:51,683 autoreload 637 Watching for file changes with StatReloader
INFO 2022-09-20 14:48:53,050 basehttp 161 "GET / HTTP/1.1" 200 10697
INFO 2022-09-20 14:48:53,090 basehttp 161 "GET /static/admin/css/fonts.css HTTP/1.1" 200 423
INFO 2022-09-20 14:48:53,220 basehttp 161 "GET /static/admin/fonts/Roboto-Light-webfont.woff HTTP/1.1" 200 85692
INFO 2022-09-20 14:48:53,221 basehttp 161 "GET /static/admin/fonts/Roboto-Bold-webfont.woff HTTP/1.1" 200 86184
INFO 2022-09-20 14:48:53,222 basehttp 161 "GET /static/admin/fonts/Roboto-Regular-webfont.woff HTTP/1.1" 200 85876
INFO 2022-09-20 15:25:45,346 autoreload 637 Watching for file changes with StatReloader
INFO 2022-09-28 15:02:06,280 autoreload 637 Watching for file changes with StatReloader
INFO 2022-09-28 15:02:12,274 autoreload 251 C:\Users\LP\Desktop\luffy\luffymall\luffymall\settings\dev.py changed, reloading.
INFO 2022-09-28 15:02:13,382 autoreload 637 Watching for file changes with StatReloader
INFO 2022-09-28 15:02:22,688 autoreload 637 Watching for file changes with StatReloader
INFO 2022-09-28 15:02:38,899 basehttp 161 "GET / HTTP/1.1" 200 10697
INFO 2022-09-28 15:02:38,917 basehttp 161 "GET /static/admin/css/fonts.css HTTP/1.1" 200 423
INFO 2022-09-28 15:02:39,036 basehttp 161 "GET /static/admin/fonts/Roboto-Regular-webfont.woff HTTP/1.1" 200 85876
INFO 2022-09-28 15:02:39,036 basehttp 161 "GET /static/admin/fonts/Roboto-Bold-webfont.woff HTTP/1.1" 200 86184
INFO 2022-09-28 15:02:39,036 basehttp 161 "GET /static/admin/fonts/Roboto-Light-webfont.woff HTTP/1.1" 200 85692
WARNING 2022-09-28 15:02:39,087 log 230 Not Found: /favicon.ico
WARNING 2022-09-28 15:02:39,088 basehttp 161 "GET /favicon.ico HTTP/1.1" 404 2113
INFO 2022-09-28 15:02:39,449 autoreload 251 C:\Users\LP\Desktop\luffy\luffymall\luffymall\settings\dev.py changed, reloading.
INFO 2022-09-28 15:02:40,571 autoreload 637 Watching for file changes with StatReloader
INFO 2022-09-28 15:02:44,210 basehttp 161 "GET / HTTP/1.1" 200 10697
INFO 2022-09-28 15:02:44,236 basehttp 161 "GET /static/admin/css/fonts.css HTTP/1.1" 200 423
INFO 2022-09-28 15:02:44,337 basehttp 161 "GET /static/admin/fonts/Roboto-Bold-webfont.woff HTTP/1.1" 200 86184
INFO 2022-09-28 15:02:44,339 basehttp 161 "GET /static/admin/fonts/Roboto-Light-webfont.woff HTTP/1.1" 200 85692
INFO 2022-09-28 15:02:44,339 basehttp 161 "GET /static/admin/fonts/Roboto-Regular-webfont.woff HTTP/1.1" 200 85876
WARNING 2022-09-28 15:02:44,374 log 230 Not Found: /favicon.ico
WARNING 2022-09-28 15:02:44,374 basehttp 161 "GET /favicon.ico HTTP/1.1" 404 2118
INFO 2022-09-28 15:03:54,262 autoreload 251 C:\Users\LP\Desktop\luffy\luffymall\luffymall\settings\dev.py changed, reloading.
INFO 2022-09-28 15:03:55,362 autoreload 637 Watching for file changes with StatReloader
INFO 2022-09-28 15:17:13,548 autoreload 251 C:\Users\LP\Desktop\luffy\luffymall\luffymall\settings\dev.py changed, reloading.
INFO 2022-09-28 15:17:14,748 autoreload 637 Watching for file changes with StatReloader
INFO 2022-09-28 15:17:25,938 autoreload 251 C:\Users\LP\Desktop\luffy\luffymall\luffymall\settings\dev.py changed, reloading.
INFO 2022-09-28 15:17:27,203 autoreload 637 Watching for file changes with StatReloader
INFO 2022-09-28 15:17:52,371 autoreload 251 C:\Users\LP\Desktop\luffy\luffymall\luffymall\settings\dev.py changed, reloading.
INFO 2022-09-28 15:17:53,507 autoreload 637 Watching for file changes with StatReloader
INFO 2022-09-28 15:18:00,481 autoreload 251 C:\Users\LP\Desktop\luffy\luffymall\luffymall\settings\dev.py changed, reloading.
INFO 2022-09-28 15:18:01,609 autoreload 637 Watching for file changes with StatReloader
INFO 2022-09-28 15:18:03,108 autoreload 251 C:\Users\LP\Desktop\luffy\luffymall\luffymall\settings\dev.py changed, reloading.
INFO 2022-09-28 15:18:04,347 autoreload 637 Watching for file changes with StatReloader
INFO 2022-09-28 15:18:12,299 autoreload 251 C:\Users\LP\Desktop\luffy\luffymall\luffymall\settings\dev.py changed, reloading.
INFO 2022-09-28 15:18:13,546 autoreload 637 Watching for file changes with StatReloader
INFO 2022-09-28 15:18:32,255 autoreload 251 C:\Users\LP\Desktop\luffy\luffymall\luffymall\settings\dev.py changed, reloading.
INFO 2022-09-28 15:18:33,500 autoreload 637 Watching for file changes with StatReloader
INFO 2022-09-28 15:18:46,773 autoreload 251 C:\Users\LP\Desktop\luffy\luffymall\luffymall\settings\dev.py changed, reloading.
INFO 2022-09-28 15:18:47,860 autoreload 637 Watching for file changes with StatReloader
INFO 2022-09-28 20:11:02,042 autoreload 251 C:\Users\LP\Desktop\luffy\luffymall\luffymall\settings\dev.py changed, reloading.
INFO 2022-09-28 20:11:03,343 autoreload 637 Watching for file changes with StatReloader
INFO 2022-09-28 20:13:51,867 autoreload 251 C:\Users\LP\Desktop\luffy\luffymall\luffymall\urls.py changed, reloading.
INFO 2022-09-28 20:13:53,036 autoreload 637 Watching for file changes with StatReloader
INFO 2022-09-28 20:14:03,147 autoreload 251 C:\Users\LP\Desktop\luffy\luffymall\luffymall\urls.py changed, reloading.
INFO 2022-09-28 20:14:04,264 autoreload 637 Watching for file changes with StatReloader
INFO 2022-09-28 20:18:23,660 autoreload 251 C:\Users\LP\Desktop\luffy\luffymall\luffymall\settings\dev.py changed, reloading.
INFO 2022-09-28 20:18:24,734 autoreload 637 Watching for file changes with StatReloader
INFO 2022-09-28 20:24:30,425 autoreload 637 Watching for file changes with StatReloader
INFO 2022-09-28 20:27:17,289 autoreload 637 Watching for file changes with StatReloader
ERROR 2022-09-28 20:27:21,814 exception 101 Invalid HTTP_HOST header: '127.0.0.1:8000'. You may need to add '127.0.0.1' to ALLOWED_HOSTS.
WARNING 2022-09-28 20:27:21,851 log 230 Bad Request: /
WARNING 2022-09-28 20:27:21,853 basehttp 161 "GET / HTTP/1.1" 400 74724
INFO 2022-09-28 20:39:25,599 autoreload 251 C:\Users\LP\Desktop\luffy\luffymall\luffymall\apps\home\models.py changed, reloading.
INFO 2022-09-28 20:39:26,712 autoreload 637 Watching for file changes with StatReloader
INFO 2022-09-28 20:40:36,365 autoreload 251 C:\Users\LP\Desktop\luffy\luffymall\luffymall\apps\home\models.py changed, reloading.
INFO 2022-09-28 20:40:37,490 autoreload 637 Watching for file changes with StatReloader
INFO 2022-09-28 21:27:40,061 autoreload 251 C:\Users\LP\Desktop\luffy\luffymall\luffymall\apps\home\models.py changed, reloading.
INFO 2022-09-28 21:27:41,633 autoreload 637 Watching for file changes with StatReloader
INFO 2022-09-28 22:01:06,546 autoreload 251 C:\Users\LP\Desktop\luffy\luffymall\luffymall\apps\home\models.py changed, reloading.
INFO 2022-09-28 22:01:07,829 autoreload 637 Watching for file changes with StatReloader
INFO 2022-09-28 22:02:08,318 autoreload 251 C:\Users\LP\Desktop\luffy\luffymall\luffymall\apps\home\models.py changed, reloading.
INFO 2022-09-28 22:02:09,752 autoreload 637 Watching for file changes with StatReloader
INFO 2022-09-29 12:19:33,591 autoreload 637 Watching for file changes with StatReloader
INFO 2022-09-29 12:19:47,776 autoreload 637 Watching for file changes with StatReloader
WARNING 2022-09-29 12:19:54,011 log 230 Not Found: /
WARNING 2022-09-29 12:19:54,012 basehttp 161 "GET / HTTP/1.1" 404 2345
WARNING 2022-09-29 12:19:54,165 log 230 Not Found: /favicon.ico
WARNING 2022-09-29 12:19:54,166 basehttp 161 "GET /favicon.ico HTTP/1.1" 404 2396
INFO 2022-09-29 12:20:21,517 basehttp 161 "GET /banner HTTP/1.1" 301 0
INFO 2022-09-29 12:20:21,544 basehttp 161 "GET /banner/ HTTP/1.1" 200 5217
INFO 2022-09-29 12:20:21,561 basehttp 161 "GET /static/rest_framework/css/bootstrap-tweaks.css HTTP/1.1" 200 3385
INFO 2022-09-29 12:20:21,561 basehttp 161 "GET /static/rest_framework/css/prettify.css HTTP/1.1" 200 817
INFO 2022-09-29 12:20:21,562 basehttp 161 "GET /static/rest_framework/css/default.css HTTP/1.1" 200 1152
INFO 2022-09-29 12:20:21,563 basehttp 161 "GET /static/rest_framework/css/bootstrap.min.css HTTP/1.1" 200 121457
INFO 2022-09-29 12:20:21,575 basehttp 161 "GET /static/rest_framework/js/ajax-form.js HTTP/1.1" 200 3597
INFO 2022-09-29 12:20:21,575 basehttp 161 "GET /static/rest_framework/js/csrf.js HTTP/1.1" 200 1719
INFO 2022-09-29 12:20:21,576 basehttp 161 "GET /static/rest_framework/js/default.js HTTP/1.1" 200 1268
INFO 2022-09-29 12:20:21,576 basehttp 161 "GET /static/rest_framework/js/prettify-min.js HTTP/1.1" 200 13632
INFO 2022-09-29 12:20:21,576 basehttp 161 "GET /static/rest_framework/js/bootstrap.min.js HTTP/1.1" 200 39680
INFO 2022-09-29 12:20:21,577 basehttp 161 "GET /static/rest_framework/js/jquery-3.5.1.min.js HTTP/1.1" 200 89476
INFO 2022-09-29 12:20:21,595 basehttp 161 "GET /static/rest_framework/img/grid.png HTTP/1.1" 200 1458
INFO 2022-09-29 12:22:42,928 autoreload 251 C:\Users\LP\Desktop\luffy\luffymall\luffymall\apps\home\views.py changed, reloading.
INFO 2022-09-29 12:22:44,052 autoreload 637 Watching for file changes with StatReloader
INFO 2022-09-29 13:22:12,919 autoreload 251 C:\Users\LP\Desktop\luffy\luffymall\luffymall\settings\dev.py changed, reloading.
INFO 2022-09-29 13:22:14,000 autoreload 637 Watching for file changes with StatReloader
INFO 2022-09-29 13:50:04,325 autoreload 637 Watching for file changes with StatReloader
INFO 2022-09-29 13:51:48,617 autoreload 637 Watching for file changes with StatReloader
INFO 2022-09-29 14:06:53,192 autoreload 637 Watching for file changes with StatReloader
INFO 2022-09-29 14:21:01,596 autoreload 637 Watching for file changes with StatReloader
INFO 2022-09-29 14:21:15,158 autoreload 637 Watching for file changes with StatReloader
INFO 2022-09-29 14:23:55,032 autoreload 251 C:\Users\LP\Desktop\luffy\luffymall\luffymall\urls.py changed, reloading.
INFO 2022-09-29 14:23:56,228 autoreload 637 Watching for file changes with StatReloader
INFO 2022-09-29 14:35:46,628 autoreload 251 C:\Users\LP\Desktop\workon_env\djangoproject\Lib\site-packages\pkg_resources\_vendor\jaraco\functools.py changed, reloading.
INFO 2022-09-29 14:35:48,097 autoreload 637 Watching for file changes with StatReloader
INFO 2022-09-29 14:53:30,626 autoreload 251 C:\Users\LP\Desktop\luffy\luffymall\luffymall\settings\dev.py changed, reloading.
INFO 2022-09-29 14:53:33,435 autoreload 637 Watching for file changes with StatReloader
INFO 2022-09-29 14:53:46,591 autoreload 251 C:\Users\LP\Desktop\luffy\luffymall\luffymall\settings\dev.py changed, reloading.
INFO 2022-09-29 14:53:48,217 autoreload 637 Watching for file changes with StatReloader
INFO 2022-09-29 14:53:54,310 autoreload 251 C:\Users\LP\Desktop\luffy\luffymall\luffymall\settings\dev.py changed, reloading.
INFO 2022-09-29 14:53:56,036 autoreload 637 Watching for file changes with StatReloader
INFO 2022-09-29 14:56:05,557 autoreload 251 C:\Users\LP\Desktop\workon_env\djangoproject\Lib\site-packages\xadmin\plugins\importexport.py changed, reloading.
INFO 2022-09-29 14:56:06,906 autoreload 637 Watching for file changes with StatReloader
INFO 2022-09-29 14:56:18,244 autoreload 251 C:\Users\LP\Desktop\workon_env\djangoproject\Lib\site-packages\xadmin\plugins\importexport.py changed, reloading.
INFO 2022-09-29 14:56:19,806 autoreload 637 Watching for file changes with StatReloader
INFO 2022-09-29 14:57:03,847 autoreload 251 C:\Users\LP\Desktop\luffy\luffymall\luffymall\urls.py changed, reloading.
INFO 2022-09-29 14:57:05,513 autoreload 637 Watching for file changes with StatReloader
INFO 2022-09-29 14:57:10,710 autoreload 251 C:\Users\LP\Desktop\luffy\luffymall\luffymall\urls.py changed, reloading.
INFO 2022-09-29 14:57:12,441 autoreload 637 Watching for file changes with StatReloader
INFO 2022-09-29 14:58:04,725 autoreload 637 Watching for file changes with StatReloader
INFO 2022-09-29 14:58:08,262 basehttp 161 "GET /banner/ HTTP/1.1" 200 5217
INFO 2022-09-29 14:59:19,567 basehttp 161 "GET /xadmin HTTP/1.1" 301 0
INFO 2022-09-29 14:59:19,598 basehttp 161 "GET /xadmin/ HTTP/1.1" 200 4042
INFO 2022-09-29 14:59:19,626 basehttp 161 "GET /static/xadmin/css/themes/bootstrap-xadmin.css HTTP/1.1" 200 2865
INFO 2022-09-29 14:59:19,627 basehttp 161 "GET /static/xadmin/css/xadmin.main.css HTTP/1.1" 200 8363
INFO 2022-09-29 14:59:19,627 basehttp 161 "GET /static/xadmin/css/xadmin.plugins.css HTTP/1.1" 200 336
INFO 2022-09-29 14:59:19,628 basehttp 161 "GET /static/xadmin/vendor/font-awesome/css/font-awesome.css HTTP/1.1" 200 37414
INFO 2022-09-29 14:59:19,628 basehttp 161 "GET /static/xadmin/css/xadmin.responsive.css HTTP/1.1" 200 6429
INFO 2022-09-29 14:59:19,639 basehttp 161 "GET /static/xadmin/vendor/jquery-ui/jquery.ui.core.js HTTP/1.1" 200 8195
INFO 2022-09-29 14:59:19,639 basehttp 161 "GET /static/xadmin/vendor/bootstrap/css/bootstrap.css HTTP/1.1" 200 145933
INFO 2022-09-29 14:59:19,639 basehttp 161 "GET /static/xadmin/vendor/jquery-ui/jquery.ui.mouse.js HTTP/1.1" 200 4561
INFO 2022-09-29 14:59:19,643 basehttp 161 "GET /static/xadmin/vendor/jquery-ui/jquery.ui.widget.js HTTP/1.1" 200 15069
INFO 2022-09-29 14:59:19,643 basehttp 161 "GET /xadmin/jsi18n/ HTTP/1.1" 200 4049
INFO 2022-09-29 14:59:19,646 basehttp 161 "GET /static/xadmin/js/xadmin.responsive.js HTTP/1.1" 200 4033
INFO 2022-09-29 14:59:19,647 basehttp 161 "GET /static/xadmin/js/xadmin.main.js HTTP/1.1" 200 3401
INFO 2022-09-29 14:59:19,647 basehttp 161 "GET /static/xadmin/vendor/jquery-ui/jquery.ui.sortable.js HTTP/1.1" 200 42543
INFO 2022-09-29 14:59:19,648 basehttp 161 "GET /static/xadmin/vendor/bootstrap/js/bootstrap.js HTTP/1.1" 200 75484
INFO 2022-09-29 14:59:19,650 basehttp 161 "GET /static/xadmin/vendor/jquery/jquery.js HTTP/1.1" 200 280364
INFO 2022-09-29 14:59:19,690 basehttp 161 "GET /static/xadmin/vendor/font-awesome/fonts/fontawesome-webfont.woff2?v=4.7.0 HTTP/1.1" 200 77160
INFO 2022-09-29 14:59:26,379 basehttp 161 "POST /xadmin/ HTTP/1.1" 200 4279
INFO 2022-09-29 14:59:26,405 basehttp 161 "GET /xadmin/jsi18n/ HTTP/1.1" 200 4049
INFO 2022-09-29 14:59:30,982 basehttp 161 "POST /xadmin/ HTTP/1.1" 302 0
INFO 2022-09-29 14:59:31,012 basehttp 161 "GET /xadmin/ HTTP/1.1" 200 13248
INFO 2022-09-29 14:59:31,033 basehttp 161 "GET /static/xadmin/css/xadmin.page.dashboard.css HTTP/1.1" 200 790
INFO 2022-09-29 14:59:31,035 basehttp 161 "GET /static/xadmin/js/xadmin.page.dashboard.js HTTP/1.1" 200 3208
INFO 2022-09-29 14:59:31,036 basehttp 161 "GET /static/xadmin/js/xadmin.plugin.portal.js HTTP/1.1" 200 1000
INFO 2022-09-29 14:59:31,039 basehttp 161 "GET /xadmin/jsi18n/ HTTP/1.1" 200 9527
INFO 2022-09-29 15:01:15,035 basehttp 161 "GET /xadmin/ HTTP/1.1" 200 13248
INFO 2022-09-29 15:01:15,059 basehttp 161 "GET /xadmin/jsi18n/ HTTP/1.1" 200 9527
INFO 2022-09-29 15:01:17,095 basehttp 161 "GET /xadmin/auth/group/ HTTP/1.1" 200 22668
INFO 2022-09-29 15:01:17,117 basehttp 161 "GET /static/xadmin/css/xadmin.form.css HTTP/1.1" 200 3578
INFO 2022-09-29 15:01:17,118 basehttp 161 "GET /static/xadmin/js/xadmin.plugin.bookmark.js HTTP/1.1" 200 529
INFO 2022-09-29 15:01:17,119 basehttp 161 "GET /static/xadmin/js/xadmin.plugin.details.js HTTP/1.1" 200 2319
INFO 2022-09-29 15:01:17,120 basehttp 161 "GET /static/xadmin/js/xadmin.page.list.js HTTP/1.1" 200 1105
INFO 2022-09-29 15:01:17,120 basehttp 161 "GET /static/xadmin/js/xadmin.plugin.filters.js HTTP/1.1" 200 1990
INFO 2022-09-29 15:01:17,122 basehttp 161 "GET /xadmin/jsi18n/ HTTP/1.1" 200 9527
INFO 2022-09-29 15:01:17,122 basehttp 161 "GET /static/xadmin/js/xadmin.page.form.js HTTP/1.1" 200 1948
INFO 2022-09-29 15:01:17,823 basehttp 161 "GET /xadmin/auth/user/ HTTP/1.1" 200 32988
INFO 2022-09-29 15:01:17,850 basehttp 161 "GET /static/xadmin/js/xadmin.plugin.actions.js HTTP/1.1" 200 4198
INFO 2022-09-29 15:01:17,852 basehttp 161 "GET /xadmin/jsi18n/ HTTP/1.1" 200 9527
INFO 2022-09-29 15:01:18,414 basehttp 161 "GET /xadmin/auth/permission/ HTTP/1.1" 200 88722
INFO 2022-09-29 15:01:18,444 basehttp 161 "GET /xadmin/jsi18n/ HTTP/1.1" 200 9527
INFO 2022-09-29 15:01:19,628 basehttp 161 "GET /xadmin/auth/group/ HTTP/1.1" 200 22668
INFO 2022-09-29 15:01:19,660 basehttp 161 "GET /xadmin/jsi18n/ HTTP/1.1" 200 9527
INFO 2022-09-29 15:01:20,650 basehttp 161 "GET /xadmin/reversion/revision/ HTTP/1.1" 200 27981
INFO 2022-09-29 15:01:20,669 basehttp 161 "GET /static/xadmin/vendor/bootstrap-datepicker/css/datepicker.css HTTP/1.1" 200 10225
INFO 2022-09-29 15:01:20,669 basehttp 161 "GET /static/xadmin/vendor/selectize/css/selectize.css HTTP/1.1" 200 8589
INFO 2022-09-29 15:01:20,669 basehttp 161 "GET /static/xadmin/vendor/selectize/css/selectize.bootstrap3.css HTTP/1.1" 200 10766
INFO 2022-09-29 15:01:20,669 basehttp 161 "GET /static/xadmin/vendor/select2/css/select2.css HTTP/1.1" 200 17358
INFO 2022-09-29 15:01:20,684 basehttp 161 "GET /static/xadmin/vendor/select2/js/i18n/zh-Hans.js HTTP/1.1" 200 768
INFO 2022-09-29 15:01:20,685 basehttp 161 "GET /static/xadmin/js/xadmin.widget.datetime.js HTTP/1.1" 200 2979
INFO 2022-09-29 15:01:20,686 basehttp 161 "GET /static/xadmin/vendor/bootstrap-datepicker/js/bootstrap-datepicker.js HTTP/1.1" 200 32656
INFO 2022-09-29 15:01:20,688 basehttp 161 "GET /xadmin/jsi18n/ HTTP/1.1" 200 9527
INFO 2022-09-29 15:01:20,689 basehttp 161 "GET /static/xadmin/js/xadmin.widget.select.js HTTP/1.1" 200 1344
INFO 2022-09-29 15:01:20,690 basehttp 161 "GET /static/xadmin/vendor/selectize/js/selectize.js HTTP/1.1" 200 104098
INFO 2022-09-29 15:01:20,691 basehttp 161 "GET /static/xadmin/vendor/select2/js/select2.js HTTP/1.1" 200 151811
INFO 2022-09-29 15:01:21,494 basehttp 161 "GET /xadmin/xadmin/log/ HTTP/1.1" 200 29143
INFO 2022-09-29 15:01:21,519 basehttp 161 "GET /xadmin/jsi18n/ HTTP/1.1" 200 9527
INFO 2022-09-29 15:01:28,033 autoreload 637 Watching for file changes with StatReloader
WARNING 2022-09-29 15:01:30,715 log 230 Not Found: /xadmin/xadmin
WARNING 2022-09-29 15:01:30,716 basehttp 161 "GET /xadmin/xadmin HTTP/1.1" 404 6576
INFO 2022-09-29 15:01:35,867 basehttp 161 "GET /xadmin/ HTTP/1.1" 200 19266
INFO 2022-09-29 15:01:35,894 basehttp 161 "GET /static/xadmin/js/xadmin.plugin.themes.js HTTP/1.1" 200 3489
INFO 2022-09-29 15:01:35,895 basehttp 161 "GET /static/xadmin/vendor/jquery-ui/jquery.ui.effect.js HTTP/1.1" 200 31918
INFO 2022-09-29 15:01:35,899 basehttp 161 "GET /xadmin/jsi18n/ HTTP/1.1" 200 9527
INFO 2022-09-29 15:01:42,633 basehttp 161 "POST /xadmin/settings/user HTTP/1.1" 200 0
INFO 2022-09-29 15:02:03,116 basehttp 161 "GET /xadmin/home/banner/ HTTP/1.1" 200 29139
INFO 2022-09-29 15:02:03,139 basehttp 161 "GET /static/xadmin/css/themes/bootstrap-theme.css HTTP/1.1" 200 25682
INFO 2022-09-29 15:02:03,144 basehttp 161 "GET /xadmin/jsi18n/ HTTP/1.1" 200 9527
INFO 2022-09-29 15:04:20,350 autoreload 251 C:\Users\LP\Desktop\luffy\luffymall\luffymall\apps\home\apps.py changed, reloading.
INFO 2022-09-29 15:04:22,020 autoreload 637 Watching for file changes with StatReloader
INFO 2022-09-29 15:04:25,353 autoreload 251 C:\Users\LP\Desktop\luffy\luffymall\luffymall\apps\home\__init__.py changed, reloading.
INFO 2022-09-29 15:04:27,129 autoreload 637 Watching for file changes with StatReloader
INFO 2022-09-29 15:04:34,430 basehttp 161 "GET /xadmin/home/banner/ HTTP/1.1" 200 29145
INFO 2022-09-29 15:04:34,455 basehttp 161 "GET /xadmin/jsi18n/ HTTP/1.1" 200 9527
INFO 2022-09-29 15:06:11,834 autoreload 251 C:\Users\LP\Desktop\luffy\luffymall\luffymall\apps\home\models.py changed, reloading.
INFO 2022-09-29 15:06:13,460 autoreload 637 Watching for file changes with StatReloader
INFO 2022-09-29 15:06:15,486 autoreload 251 C:\Users\LP\Desktop\luffy\luffymall\luffymall\apps\home\models.py changed, reloading.
INFO 2022-09-29 15:06:17,531 autoreload 637 Watching for file changes with StatReloader
INFO 2022-09-29 15:06:21,127 autoreload 251 C:\Users\LP\Desktop\luffy\luffymall\luffymall\apps\home\models.py changed, reloading.
INFO 2022-09-29 15:06:22,824 autoreload 637 Watching for file changes with StatReloader
INFO 2022-09-29 15:06:24,963 autoreload 251 C:\Users\LP\Desktop\luffy\luffymall\luffymall\apps\home\models.py changed, reloading.
INFO 2022-09-29 15:06:26,573 autoreload 637 Watching for file changes with StatReloader
INFO 2022-09-29 15:06:28,821 autoreload 251 C:\Users\LP\Desktop\luffy\luffymall\luffymall\apps\home\models.py changed, reloading.
INFO 2022-09-29 15:06:30,532 autoreload 637 Watching for file changes with StatReloader
INFO 2022-09-29 15:06:34,532 autoreload 251 C:\Users\LP\Desktop\luffy\luffymall\luffymall\apps\home\models.py changed, reloading.
INFO 2022-09-29 15:06:36,226 autoreload 637 Watching for file changes with StatReloader
INFO 2022-09-29 15:06:40,806 autoreload 251 C:\Users\LP\Desktop\luffy\luffymall\luffymall\apps\home\models.py changed, reloading.
INFO 2022-09-29 15:06:42,435 autoreload 637 Watching for file changes with StatReloader
INFO 2022-09-29 15:06:46,426 autoreload 251 C:\Users\LP\Desktop\luffy\luffymall\luffymall\apps\home\models.py changed, reloading.
INFO 2022-09-29 15:06:48,107 autoreload 637 Watching for file changes with StatReloader
INFO 2022-09-29 15:06:50,183 autoreload 251 C:\Users\LP\Desktop\luffy\luffymall\luffymall\apps\home\models.py changed, reloading.
INFO 2022-09-29 15:06:52,542 autoreload 637 Watching for file changes with StatReloader
INFO 2022-09-29 15:06:59,564 autoreload 251 C:\Users\LP\Desktop\luffy\luffymall\luffymall\apps\home\models.py changed, reloading.
INFO 2022-09-29 15:07:01,202 autoreload 637 Watching for file changes with StatReloader
